Unity Editor version:    2022.3.17f1 (4fc78088f837)
Branch:                  2022.3/staging
Build type:              Release
Batch mode:              YES
macOS version:           Version 13.6.4 (Build 22G513)
Darwin version:          22.6.0
Architecture:            arm64
Running under Rosetta:   NO
Available memory:        32768 MB
Using pre-set license
Pro License: YES

COMMAND LINE ARGUMENTS:
/Applications/Unity/Hub/Editor/2022.3.17f1/Unity.app/Contents/MacOS/Unity
-adb2
-batchMode
-noUpm
-name
AssetImportWorker1
-projectPath
/Users/0993559/Documents/GitHub/JoshParedesFinal/Final
-logFile
Logs/AssetImportWorker1.log
-srvPort
59160
Successfully changed project path to: /Users/0993559/Documents/GitHub/JoshParedesFinal/Final
/Users/0993559/Documents/GitHub/JoshParedesFinal/Final
[UnityMemory] Configuration Parameters - Can be set up in boot.config
    "memorysetup-bucket-allocator-granularity=16"
    "memorysetup-bucket-allocator-bucket-count=8"
    "memorysetup-bucket-allocator-block-size=33554432"
    "memorysetup-bucket-allocator-block-count=8"
    "memorysetup-main-allocator-block-size=16777216"
    "memorysetup-thread-allocator-block-size=16777216"
    "memorysetup-gfx-main-allocator-block-size=16777216"
    "memorysetup-gfx-thread-allocator-block-size=16777216"
    "memorysetup-cache-allocator-block-size=4194304"
    "memorysetup-typetree-allocator-block-size=2097152"
    "memorysetup-profiler-bucket-allocator-granularity=16"
    "memorysetup-profiler-bucket-allocator-bucket-count=8"
    "memorysetup-profiler-bucket-allocator-block-size=33554432"
    "memorysetup-profiler-bucket-allocator-block-count=8"
    "memorysetup-profiler-allocator-block-size=16777216"
    "memorysetup-profiler-editor-allocator-block-size=1048576"
    "memorysetup-temp-allocator-size-main=16777216"
    "memorysetup-job-temp-allocator-block-size=2097152"
    "memorysetup-job-temp-allocator-block-size-background=1048576"
    "memorysetup-job-temp-allocator-reduction-small-platforms=262144"
    "memorysetup-allocator-temp-initial-block-size-main=262144"
    "memorysetup-allocator-temp-initial-block-size-worker=262144"
    "memorysetup-temp-allocator-size-background-worker=32768"
    "memorysetup-temp-allocator-size-job-worker=262144"
    "memorysetup-temp-allocator-size-preload-manager=33554432"
    "memorysetup-temp-allocator-size-nav-mesh-worker=65536"
    "memorysetup-temp-allocator-size-audio-worker=65536"
    "memorysetup-temp-allocator-size-cloud-worker=32768"
    "memorysetup-temp-allocator-size-gi-baking-worker=262144"
    "memorysetup-temp-allocator-size-gfx=262144"
Player connection [8345280768] Host "[IP] 10.111.110.15 [Port] 0 [Flags] 2 [Guid] 1863944491 [EditorId] 1863944491 [Version] 1048832 [Id] OSXEditor(0,K127-01) [Debug] 1 [PackageName] OSXEditor [ProjectName] Editor" joined multi-casting on [225.0.0.222:54997]...

Player connection [8345280768] Host "[IP] 10.111.110.15 [Port] 0 [Flags] 2 [Guid] 1863944491 [EditorId] 1863944491 [Version] 1048832 [Id] OSXEditor(0,K127-01) [Debug] 1 [PackageName] OSXEditor [ProjectName] Editor" joined alternative multi-casting on [225.0.0.222:34997]...

[Physics::Module] Initialized MultithreadedJobDispatcher with 9 workers.
Refreshing native plugins compatible for Editor in 0.27 ms, found 0 plugins.
Preloading 0 native plugins for Editor in 0.00 ms.
Initialize engine version: 2022.3.17f1 (4fc78088f837)
[Subsystems] Discovering subsystems at path /Applications/Unity/Hub/Editor/2022.3.17f1/Unity.app/Contents/Resources/UnitySubsystems
[Subsystems] Discovering subsystems at path /Users/0993559/Documents/GitHub/JoshParedesFinal/Final/Assets
GfxDevice: creating device client; threaded=0; jobified=0
 preferred device: Apple M1 Max (high power)
Metal devices available: 1
0: Apple M1 Max (high power)
Using device Apple M1 Max (high power)
Initializing Metal device caps: Apple M1 Max
Initialize mono
Mono path[0] = '/Applications/Unity/Hub/Editor/2022.3.17f1/Unity.app/Contents/Managed'
Mono path[1] = '/Applications/Unity/Hub/Editor/2022.3.17f1/Unity.app/Contents/MonoBleedingEdge/lib/mono/unityjit-macos'
Mono config path = '/Applications/Unity/Hub/Editor/2022.3.17f1/Unity.app/Contents/MonoBleedingEdge/etc'
Using monoOptions --debugger-agent=transport=dt_socket,embedding=1,server=y,suspend=n,address=127.0.0.1:56237
Begin MonoManager ReloadAssembly
Registering precompiled unity dll's ...
Register platform support module: /Applications/Unity/Hub/Editor/2022.3.17f1/Unity.app/Contents/PlaybackEngines/MacStandaloneSupport/UnityEditor.OSXStandalone.Extensions.dll
Registered in 0.000812 seconds.
- Loaded All Assemblies, in  0.181 seconds
Native extension for OSXStandalone target not found
Mono: successfully reloaded assembly
- Finished resetting the current domain, in  0.145 seconds
Domain Reload Profiling: 325ms
	BeginReloadAssembly (40ms)
		ExecutionOrderSort (0ms)
		DisableScriptedObjects (0ms)
		BackupInstance (0ms)
		ReleaseScriptingObjects (0ms)
		CreateAndSetChildDomain (0ms)
	RebuildCommonClasses (21ms)
	RebuildNativeTypeToScriptingClass (7ms)
	initialDomainReloadingComplete (29ms)
	LoadAllAssembliesAndSetupDomain (83ms)
		LoadAssemblies (39ms)
		RebuildTransferFunctionScriptingTraits (0ms)
		AnalyzeDomain (82ms)
			TypeCache.Refresh (81ms)
				TypeCache.ScanAssembly (74ms)
			ScanForSourceGeneratedMonoScriptInfo (0ms)
			ResolveRequiredComponents (0ms)
	FinalizeReload (145ms)
		ReleaseScriptCaches (0ms)
		RebuildScriptCaches (0ms)
		SetupLoadedEditorAssemblies (111ms)
			LogAssemblyErrors (0ms)
			InitializePlatformSupportModulesInManaged (4ms)
			SetLoadedEditorAssemblies (4ms)
			RefreshPlugins (0ms)
			BeforeProcessingInitializeOnLoad (1ms)
			ProcessInitializeOnLoadAttributes (78ms)
			ProcessInitializeOnLoadMethodAttributes (24ms)
			AfterProcessingInitializeOnLoad (0ms)
			EditorAssembliesLoaded (0ms)
		ExecutionOrderSort2 (0ms)
		AwakeInstancesAfterBackupRestoration (0ms)
========================================================================
Worker process is ready to serve import requests
Begin MonoManager ReloadAssembly
- Loaded All Assemblies, in  0.162 seconds
Refreshing native plugins compatible for Editor in 0.10 ms, found 0 plugins.
Native extension for OSXStandalone target not found
Mono: successfully reloaded assembly
- Finished resetting the current domain, in  0.181 seconds
Domain Reload Profiling: 344ms
	BeginReloadAssembly (62ms)
		ExecutionOrderSort (0ms)
		DisableScriptedObjects (3ms)
		BackupInstance (0ms)
		ReleaseScriptingObjects (0ms)
		CreateAndSetChildDomain (15ms)
	RebuildCommonClasses (21ms)
	RebuildNativeTypeToScriptingClass (7ms)
	initialDomainReloadingComplete (19ms)
	LoadAllAssembliesAndSetupDomain (53ms)
		LoadAssemblies (66ms)
		RebuildTransferFunctionScriptingTraits (0ms)
		AnalyzeDomain (12ms)
			TypeCache.Refresh (10ms)
				TypeCache.ScanAssembly (7ms)
			ScanForSourceGeneratedMonoScriptInfo (1ms)
			ResolveRequiredComponents (1ms)
	FinalizeReload (182ms)
		ReleaseScriptCaches (0ms)
		RebuildScriptCaches (0ms)
		SetupLoadedEditorAssemblies (109ms)
			LogAssemblyErrors (0ms)
			InitializePlatformSupportModulesInManaged (2ms)
			SetLoadedEditorAssemblies (1ms)
			RefreshPlugins (0ms)
			BeforeProcessingInitializeOnLoad (16ms)
			ProcessInitializeOnLoadAttributes (80ms)
			ProcessInitializeOnLoadMethodAttributes (10ms)
			AfterProcessingInitializeOnLoad (1ms)
			EditorAssembliesLoaded (0ms)
		ExecutionOrderSort2 (0ms)
		AwakeInstancesAfterBackupRestoration (2ms)
Launching external process: /Applications/Unity/Hub/Editor/2022.3.17f1/Unity.app/Contents/Tools/UnityShaderCompiler
Launched and connected shader compiler UnityShaderCompiler after 0.05 seconds
Refreshing native plugins compatible for Editor in 0.11 ms, found 0 plugins.
Preloading 0 native plugins for Editor in 0.00 ms.
Unloading 464 Unused Serialized files (Serialized files now loaded: 0)
Unloading 21 unused Assets / (116.7 KB). Loaded Objects now: 937.
Memory consumption went from 66.9 MB to 66.8 MB.
Total: 1.705459 ms (FindLiveObjects: 0.031917 ms CreateObjectMapping: 0.008875 ms MarkObjects: 1.610042 ms  DeleteObjects: 0.054125 ms)

AssetImportParameters requested are different than current active one (requested -> active):
  custom:video-encoder-webm-vp8: eb34c28f22e8b96e1ab97ce403110664 -> 
  custom:video-decoder-webm-vp8: 9c59270c3fd7afecdb556c50c9e8de78 -> 
  custom:audio-decoder-ogg-vorbis: bf7c407c2cedff20999df2af8eb42d56 -> 
  custom:video-decoder-ogg-theora: a1e56fd34408186e4bbccfd4996cb3dc -> 
  custom:audio-encoder-webm-vorbis: bf7c407c2cedff20999df2af8eb42d56 -> 
  custom:SearchIndexIgnoredProperties: e643bd26f0fe6173181afceb89e7c659 -> 
  custom:container-demuxer-ogg: 62fdf1f143b41e24485cea50d1cbac27 -> 
  custom:AudioImporter_EditorPlatform: 3918e3fc78b5a79bad01e8451be0beb8 -> 
  custom:CustomObjectIndexerAttribute: 6d391050e5a25f67b0a2c618074f2cd9 -> 
  custom:framework-osx-AVFoundation: e770b220cccbd017edd2c1fefb359320 -> 
  custom:container-demuxer-webm: 4f35f7cbe854078d1ac9338744f61a02 -> 
  custom:container-muxer-webm: aa71ff27fc2769a1b78a27578f13a17b -> 
========================================================================
Received Import Request.
  Time since last request: 518163.750525 seconds.
  path: Assets/Terrain/Terrain (16x16) 1_119.asset
  artifactKey: Guid(d4a30a955b9f8433d9b932dc1b8d6346) Importer(2089858483,0ecaa5967403d082aa24f35e1b516d23)
Start importing Assets/Terrain/Terrain (16x16) 1_119.asset using Guid(d4a30a955b9f8433d9b932dc1b8d6346) Importer(2089858483,0ecaa5967403d082aa24f35e1b516d23)  -> (artifact id: '96a79c33f5079ee47cba9479a9465c04') in 0.058988 seconds
Number of updated asset objects reloaded before import = 0
Number of asset objects unloaded after import = 3
========================================================================
Received Import Request.
  Time since last request: 0.000082 seconds.
  path: Assets/Terrain/Terrain (16x16) 1_101.asset
  artifactKey: Guid(b59de444e32d241538cbbe746b9c7b8d) Importer(2089858483,0ecaa5967403d082aa24f35e1b516d23)
Start importing Assets/Terrain/Terrain (16x16) 1_101.asset using Guid(b59de444e32d241538cbbe746b9c7b8d) Importer(2089858483,0ecaa5967403d082aa24f35e1b516d23)  -> (artifact id: 'c22685e366f84784e720630a8a2b3ef4') in 0.002099 seconds
Number of updated asset objects reloaded before import = 0
Number of asset objects unloaded after import = 3
========================================================================
Received Import Request.
  Time since last request: 0.000125 seconds.
  path: Assets/Terrain/Terrain (16x16) 1_103.asset
  artifactKey: Guid(6f78c910820b541c294225d5f3558941) Importer(2089858483,0ecaa5967403d082aa24f35e1b516d23)
Start importing Assets/Terrain/Terrain (16x16) 1_103.asset using Guid(6f78c910820b541c294225d5f3558941) Importer(2089858483,0ecaa5967403d082aa24f35e1b516d23)  -> (artifact id: '294452cca28a1bf019de1d4c2dae5f7a') in 0.002677 seconds
Number of updated asset objects reloaded before import = 0
Number of asset objects unloaded after import = 3
========================================================================
Received Import Request.
  Time since last request: 0.000108 seconds.
  path: Assets/Terrain/Terrain (16x16) 1_122.asset
  artifactKey: Guid(23a2a84f472724c37b2f397e95561a0c) Importer(2089858483,0ecaa5967403d082aa24f35e1b516d23)
Start importing Assets/Terrain/Terrain (16x16) 1_122.asset using Guid(23a2a84f472724c37b2f397e95561a0c) Importer(2089858483,0ecaa5967403d082aa24f35e1b516d23)  -> (artifact id: '5aeb17808f27c01549134322a6faa75a') in 0.001798 seconds
Number of updated asset objects reloaded before import = 0
Number of asset objects unloaded after import = 3
========================================================================
Received Import Request.
  Time since last request: 0.000175 seconds.
  path: Assets/Terrain/Terrain (16x16) 1_4.asset
  artifactKey: Guid(2bda770ff64984fd78bc68802d60e1c7) Importer(2089858483,0ecaa5967403d082aa24f35e1b516d23)
Start importing Assets/Terrain/Terrain (16x16) 1_4.asset using Guid(2bda770ff64984fd78bc68802d60e1c7) Importer(2089858483,0ecaa5967403d082aa24f35e1b516d23)  -> (artifact id: '936faf8390a502bb22d019e7d5c27937') in 0.002222 seconds
Number of updated asset objects reloaded before import = 0
Number of asset objects unloaded after import = 3
========================================================================
Received Import Request.
  Time since last request: 0.000142 seconds.
  path: Assets/Terrain/Terrain (16x16) 1_43.asset
  artifactKey: Guid(5c74e3091cd204f69af5d5abc536fac9) Importer(2089858483,0ecaa5967403d082aa24f35e1b516d23)
Start importing Assets/Terrain/Terrain (16x16) 1_43.asset using Guid(5c74e3091cd204f69af5d5abc536fac9) Importer(2089858483,0ecaa5967403d082aa24f35e1b516d23)  -> (artifact id: '3565b77881592431834fc3b1eb50367b') in 0.001769 seconds
Number of updated asset objects reloaded before import = 0
Number of asset objects unloaded after import = 3
========================================================================
Received Import Request.
  Time since last request: 0.000117 seconds.
  path: Assets/Terrain/Terrain (16x16) 1_129.asset
  artifactKey: Guid(02abad99240ce49149c4225e54f77580) Importer(2089858483,0ecaa5967403d082aa24f35e1b516d23)
Start importing Assets/Terrain/Terrain (16x16) 1_129.asset using Guid(02abad99240ce49149c4225e54f77580) Importer(2089858483,0ecaa5967403d082aa24f35e1b516d23)  -> (artifact id: 'a67c124a367a5b1950111d5f4a9c55d5') in 0.002573 seconds
Number of updated asset objects reloaded before import = 0
Number of asset objects unloaded after import = 3
========================================================================
Received Import Request.
  Time since last request: 0.000070 seconds.
  path: Assets/Terrain/Terrain (16x16) 1_125.asset
  artifactKey: Guid(cfde0dc9ed75544cc9ea4fb3d665942e) Importer(2089858483,0ecaa5967403d082aa24f35e1b516d23)
Start importing Assets/Terrain/Terrain (16x16) 1_125.asset using Guid(cfde0dc9ed75544cc9ea4fb3d665942e) Importer(2089858483,0ecaa5967403d082aa24f35e1b516d23)  -> (artifact id: '10d2156d223d94f1be6adbbcfb5ea4ae') in 0.002147 seconds
Number of updated asset objects reloaded before import = 0
Number of asset objects unloaded after import = 3
========================================================================
Received Import Request.
  Time since last request: 0.000164 seconds.
  path: Assets/Terrain/Terrain (16x16) 1_141.asset
  artifactKey: Guid(126a3f5482d8246a18a83474231158d1) Importer(2089858483,0ecaa5967403d082aa24f35e1b516d23)
Start importing Assets/Terrain/Terrain (16x16) 1_141.asset using Guid(126a3f5482d8246a18a83474231158d1) Importer(2089858483,0ecaa5967403d082aa24f35e1b516d23)  -> (artifact id: 'd1150aa97329d17cbb705c07ad77ed9b') in 0.001823 seconds
Number of updated asset objects reloaded before import = 0
Number of asset objects unloaded after import = 3
========================================================================
Received Import Request.
  Time since last request: 0.000099 seconds.
  path: Assets/Terrain/Terrain (16x16) 1_14.asset
  artifactKey: Guid(ae349feb05d044937b6a30359e1924e0) Importer(2089858483,0ecaa5967403d082aa24f35e1b516d23)
Start importing Assets/Terrain/Terrain (16x16) 1_14.asset using Guid(ae349feb05d044937b6a30359e1924e0) Importer(2089858483,0ecaa5967403d082aa24f35e1b516d23)  -> (artifact id: '65b9aa476eac089a5fb511407ccdc3b8') in 0.002059 seconds
Number of updated asset objects reloaded before import = 0
Number of asset objects unloaded after import = 3
========================================================================
Received Import Request.
  Time since last request: 0.000202 seconds.
  path: Assets/Items/Cherry.prefab
  artifactKey: Guid(1c6a08b86efda4c608d592d2b80ea096) Importer(2089858483,0ecaa5967403d082aa24f35e1b516d23)
Start importing Assets/Items/Cherry.prefab using Guid(1c6a08b86efda4c608d592d2b80ea096) Importer(2089858483,0ecaa5967403d082aa24f35e1b516d23)  -> (artifact id: 'ce20765043d3dfd0e6a5480a6a85b0ce') in 0.011370 seconds
Number of updated asset objects reloaded before import = 0
Number of asset objects unloaded after import = 9
========================================================================
Received Import Request.
  Time since last request: 0.000067 seconds.
  path: Assets/Terrain/Terrain (16x16) 1_105.asset
  artifactKey: Guid(f7af1b5c4ae274968ae8a68472ac0eb4) Importer(2089858483,0ecaa5967403d082aa24f35e1b516d23)
Start importing Assets/Terrain/Terrain (16x16) 1_105.asset using Guid(f7af1b5c4ae274968ae8a68472ac0eb4) Importer(2089858483,0ecaa5967403d082aa24f35e1b516d23)  -> (artifact id: '7c1bffde31caa942ac7742cb84189141') in 0.002076 seconds
Number of updated asset objects reloaded before import = 0
Number of asset objects unloaded after import = 3
========================================================================
Received Import Request.
  Time since last request: 0.000094 seconds.
  path: Assets/Terrain/Terrain (16x16) 1_131.asset
  artifactKey: Guid(bc9305a184dad4873a8d30d445b655d9) Importer(2089858483,0ecaa5967403d082aa24f35e1b516d23)
Start importing Assets/Terrain/Terrain (16x16) 1_131.asset using Guid(bc9305a184dad4873a8d30d445b655d9) Importer(2089858483,0ecaa5967403d082aa24f35e1b516d23)  -> (artifact id: '83bc326baeb1d2744e7306c69a3cf8ce') in 0.002155 seconds
Number of updated asset objects reloaded before import = 0
Number of asset objects unloaded after import = 3
========================================================================
Received Import Request.
  Time since last request: 0.000090 seconds.
  path: Assets/Terrain/Terrain (16x16) 1_108.asset
  artifactKey: Guid(f860b49e739f146ff9c78384c3bb74fb) Importer(2089858483,0ecaa5967403d082aa24f35e1b516d23)
Start importing Assets/Terrain/Terrain (16x16) 1_108.asset using Guid(f860b49e739f146ff9c78384c3bb74fb) Importer(2089858483,0ecaa5967403d082aa24f35e1b516d23)  -> (artifact id: 'dc76466a09ae59d42f9632c588aa41b6') in 0.001680 seconds
Number of updated asset objects reloaded before import = 0
Number of asset objects unloaded after import = 3
========================================================================
Received Import Request.
  Time since last request: 0.000066 seconds.
  path: Assets/Terrain/Terrain (16x16) 1_123.asset
  artifactKey: Guid(c43387a6088e843c28d8480df50f9d30) Importer(2089858483,0ecaa5967403d082aa24f35e1b516d23)
Start importing Assets/Terrain/Terrain (16x16) 1_123.asset using Guid(c43387a6088e843c28d8480df50f9d30) Importer(2089858483,0ecaa5967403d082aa24f35e1b516d23)  -> (artifact id: '0d7c4e9213c836ba238a1517bc080371') in 0.002167 seconds
Number of updated asset objects reloaded before import = 0
Number of asset objects unloaded after import = 3
========================================================================
Received Import Request.
  Time since last request: 0.000108 seconds.
  path: Assets/Terrain/Terrain (16x16) 1_32.asset
  artifactKey: Guid(7434d5472f24f4c15acef7f9b799ed86) Importer(2089858483,0ecaa5967403d082aa24f35e1b516d23)
Start importing Assets/Terrain/Terrain (16x16) 1_32.asset using Guid(7434d5472f24f4c15acef7f9b799ed86) Importer(2089858483,0ecaa5967403d082aa24f35e1b516d23)  -> (artifact id: 'ec49d1f043be945f631f85e041ce9a8e') in 0.001632 seconds
Number of updated asset objects reloaded before import = 0
Number of asset objects unloaded after import = 3
========================================================================
Received Import Request.
  Time since last request: 0.000110 seconds.
  path: Assets/Items/Saw (38x38).png
  artifactKey: Guid(6b0f36c4c602840e0be754cffb16f564) Importer(2089858483,0ecaa5967403d082aa24f35e1b516d23)
Start importing Assets/Items/Saw (38x38).png using Guid(6b0f36c4c602840e0be754cffb16f564) Importer(2089858483,0ecaa5967403d082aa24f35e1b516d23)  -> (artifact id: '2c00f98fb023c22501dfe6e2893e7cbb') in 0.032890 seconds
Number of updated asset objects reloaded before import = 0
Number of asset objects unloaded after import = 10
========================================================================
Received Import Request.
  Time since last request: 0.000212 seconds.
  path: Assets/Terrain/Terrain (16x16) 1_29.asset
  artifactKey: Guid(dc19c0f5edf994789ada5a8420a14691) Importer(2089858483,0ecaa5967403d082aa24f35e1b516d23)
Start importing Assets/Terrain/Terrain (16x16) 1_29.asset using Guid(dc19c0f5edf994789ada5a8420a14691) Importer(2089858483,0ecaa5967403d082aa24f35e1b516d23)  -> (artifact id: '9018e1c69ada2bd6880811a0c827a9a0') in 0.001989 seconds
Number of updated asset objects reloaded before import = 0
Number of asset objects unloaded after import = 3
========================================================================
Received Import Request.
  Time since last request: 0.000153 seconds.
  path: Assets/Terrain/Terrain (16x16) 1_26.asset
  artifactKey: Guid(bad0e41fc260d4e20b045042c8d7f18e) Importer(2089858483,0ecaa5967403d082aa24f35e1b516d23)
Start importing Assets/Terrain/Terrain (16x16) 1_26.asset using Guid(bad0e41fc260d4e20b045042c8d7f18e) Importer(2089858483,0ecaa5967403d082aa24f35e1b516d23)  -> (artifact id: '31f8af9b9b881d4601fd7e3f1c577631') in 0.002201 seconds
Number of updated asset objects reloaded before import = 0
Number of asset objects unloaded after import = 3
========================================================================
Received Import Request.
  Time since last request: 0.000241 seconds.
  path: Assets/Terrain/Terrain (16x16) 1_10.asset
  artifactKey: Guid(4b111497db9b64f8397929252054cb0f) Importer(2089858483,0ecaa5967403d082aa24f35e1b516d23)
Start importing Assets/Terrain/Terrain (16x16) 1_10.asset using Guid(4b111497db9b64f8397929252054cb0f) Importer(2089858483,0ecaa5967403d082aa24f35e1b516d23)  -> (artifact id: 'a67686b3be25642a5b51ffdc55c3cc91') in 0.001664 seconds
Number of updated asset objects reloaded before import = 0
Number of asset objects unloaded after import = 3
========================================================================
Received Import Request.
  Time since last request: 0.000108 seconds.
  path: Assets/Terrain/Terrain (16x16) 1_40.asset
  artifactKey: Guid(806d38ba7ca6d4976b7018f42fb29e68) Importer(2089858483,0ecaa5967403d082aa24f35e1b516d23)
Start importing Assets/Terrain/Terrain (16x16) 1_40.asset using Guid(806d38ba7ca6d4976b7018f42fb29e68) Importer(2089858483,0ecaa5967403d082aa24f35e1b516d23)  -> (artifact id: 'c6e28ef0e20afa039b5bac5fb7e6ed56') in 0.002293 seconds
Number of updated asset objects reloaded before import = 0
Number of asset objects unloaded after import = 3
========================================================================
Received Import Request.
  Time since last request: 0.000076 seconds.
  path: Assets/Terrain/Terrain (16x16) 1_112.asset
  artifactKey: Guid(91d4ee9e469fe4d4ab50cb988416fb33) Importer(2089858483,0ecaa5967403d082aa24f35e1b516d23)
Start importing Assets/Terrain/Terrain (16x16) 1_112.asset using Guid(91d4ee9e469fe4d4ab50cb988416fb33) Importer(2089858483,0ecaa5967403d082aa24f35e1b516d23)  -> (artifact id: 'dbe913219473f51fc2ce8e1bd09988eb') in 0.002318 seconds
Number of updated asset objects reloaded before import = 0
Number of asset objects unloaded after import = 3
========================================================================
Received Import Request.
  Time since last request: 0.000073 seconds.
  path: Assets/Terrain/Terrain (16x16) 1_124.asset
  artifactKey: Guid(04c7a02df9d6f45f19d35881e35f7751) Importer(2089858483,0ecaa5967403d082aa24f35e1b516d23)
Start importing Assets/Terrain/Terrain (16x16) 1_124.asset using Guid(04c7a02df9d6f45f19d35881e35f7751) Importer(2089858483,0ecaa5967403d082aa24f35e1b516d23)  -> (artifact id: '78133757c2f6aa8c5c1bd1f01478874f') in 0.001742 seconds
Number of updated asset objects reloaded before import = 0
Number of asset objects unloaded after import = 3
========================================================================
Received Import Request.
  Time since last request: 0.000075 seconds.
  path: Assets/Terrain/Terrain (16x16) 1_25.asset
  artifactKey: Guid(a73a22a1e609c473c9f7d9861a5981ee) Importer(2089858483,0ecaa5967403d082aa24f35e1b516d23)
Start importing Assets/Terrain/Terrain (16x16) 1_25.asset using Guid(a73a22a1e609c473c9f7d9861a5981ee) Importer(2089858483,0ecaa5967403d082aa24f35e1b516d23)  -> (artifact id: '4a9e11beca744be08529750afccf41f1') in 0.002205 seconds
Number of updated asset objects reloaded before import = 0
Number of asset objects unloaded after import = 3
========================================================================
Received Import Request.
  Time since last request: 0.000066 seconds.
  path: Assets/Terrain/Terrain (16x16) 1_20.asset
  artifactKey: Guid(aeb6da025918542d2addf1997d6fcb75) Importer(2089858483,0ecaa5967403d082aa24f35e1b516d23)
Start importing Assets/Terrain/Terrain (16x16) 1_20.asset using Guid(aeb6da025918542d2addf1997d6fcb75) Importer(2089858483,0ecaa5967403d082aa24f35e1b516d23)  -> (artifact id: '205aed4d84c7c048edde7e7ceb5c8bcc') in 0.001665 seconds
Number of updated asset objects reloaded before import = 0
Number of asset objects unloaded after import = 3
========================================================================
Received Import Request.
  Time since last request: 0.000107 seconds.
  path: Assets/Terrain/Terrain (16x16) 1_102.asset
  artifactKey: Guid(49ee2978f57314cba8fe06a3d8e40fb0) Importer(2089858483,0ecaa5967403d082aa24f35e1b516d23)
Start importing Assets/Terrain/Terrain (16x16) 1_102.asset using Guid(49ee2978f57314cba8fe06a3d8e40fb0) Importer(2089858483,0ecaa5967403d082aa24f35e1b516d23)  -> (artifact id: '4594ac1413323a5e04074d2bd016f72a') in 0.002153 seconds
Number of updated asset objects reloaded before import = 0
Number of asset objects unloaded after import = 3
========================================================================
Received Import Request.
  Time since last request: 0.000110 seconds.
  path: Assets/Terrain/Terrain (16x16) 1_42.asset
  artifactKey: Guid(29380cc7cc0a84e1c9d576100fabb1c9) Importer(2089858483,0ecaa5967403d082aa24f35e1b516d23)
Start importing Assets/Terrain/Terrain (16x16) 1_42.asset using Guid(29380cc7cc0a84e1c9d576100fabb1c9) Importer(2089858483,0ecaa5967403d082aa24f35e1b516d23)  -> (artifact id: 'e7e9f478e1e62333268739d5664d1e73') in 0.001747 seconds
Number of updated asset objects reloaded before import = 0
Number of asset objects unloaded after import = 3
========================================================================
Received Import Request.
  Time since last request: 0.000069 seconds.
  path: Assets/Terrain/Terrain (16x16) 1_113.asset
  artifactKey: Guid(3fa936638245e493fa45cfdd46f888fd) Importer(2089858483,0ecaa5967403d082aa24f35e1b516d23)
Start importing Assets/Terrain/Terrain (16x16) 1_113.asset using Guid(3fa936638245e493fa45cfdd46f888fd) Importer(2089858483,0ecaa5967403d082aa24f35e1b516d23)  -> (artifact id: '4ec3b80aa7801f29fb4356195afc01ad') in 0.002311 seconds
Number of updated asset objects reloaded before import = 0
Number of asset objects unloaded after import = 3
========================================================================
Received Import Request.
  Time since last request: 0.000081 seconds.
  path: Assets/Terrain/Terrain (16x16) 1_132.asset
  artifactKey: Guid(ce87b993ce925455f8821725eeb87522) Importer(2089858483,0ecaa5967403d082aa24f35e1b516d23)
Start importing Assets/Terrain/Terrain (16x16) 1_132.asset using Guid(ce87b993ce925455f8821725eeb87522) Importer(2089858483,0ecaa5967403d082aa24f35e1b516d23)  -> (artifact id: '1c232719cdb44d223af8d6244277e470') in 0.001569 seconds
Number of updated asset objects reloaded before import = 0
Number of asset objects unloaded after import = 3
========================================================================
Received Import Request.
  Time since last request: 0.000064 seconds.
  path: Assets/Terrain/Terrain (16x16) 1_100.asset
  artifactKey: Guid(58b291b71029e43978584e92028a4f77) Importer(2089858483,0ecaa5967403d082aa24f35e1b516d23)
Start importing Assets/Terrain/Terrain (16x16) 1_100.asset using Guid(58b291b71029e43978584e92028a4f77) Importer(2089858483,0ecaa5967403d082aa24f35e1b516d23)  -> (artifact id: '4e70572d9ebc513b0493c3ccad7fffcf') in 0.001541 seconds
Number of updated asset objects reloaded before import = 0
Number of asset objects unloaded after import = 3
========================================================================
Received Import Request.
  Time since last request: 0.000066 seconds.
  path: Assets/Terrain/Terrain (16x16) 1_111.asset
  artifactKey: Guid(116676bf497894033ad1a4bb496b09e1) Importer(2089858483,0ecaa5967403d082aa24f35e1b516d23)
Start importing Assets/Terrain/Terrain (16x16) 1_111.asset using Guid(116676bf497894033ad1a4bb496b09e1) Importer(2089858483,0ecaa5967403d082aa24f35e1b516d23)  -> (artifact id: '6af1cc42b11fffd0bc273745d8bf7b06') in 0.002620 seconds
Number of updated asset objects reloaded before import = 0
Number of asset objects unloaded after import = 3
========================================================================
Received Import Request.
  Time since last request: 0.000064 seconds.
  path: Assets/Terrain/Terrain (16x16) 1_17.asset
  artifactKey: Guid(c60476184bec8471b8c38cc72b87ee23) Importer(2089858483,0ecaa5967403d082aa24f35e1b516d23)
Start importing Assets/Terrain/Terrain (16x16) 1_17.asset using Guid(c60476184bec8471b8c38cc72b87ee23) Importer(2089858483,0ecaa5967403d082aa24f35e1b516d23)  -> (artifact id: 'ffb282440d35debac0cf8a51de0c6c08') in 0.002126 seconds
Number of updated asset objects reloaded before import = 0
Number of asset objects unloaded after import = 3
========================================================================
Received Import Request.
  Time since last request: 0.000072 seconds.
  path: Assets/Terrain/Terrain (16x16) 1_120.asset
  artifactKey: Guid(929f6a844878d40ceb4023f6f69f5e3d) Importer(2089858483,0ecaa5967403d082aa24f35e1b516d23)
Start importing Assets/Terrain/Terrain (16x16) 1_120.asset using Guid(929f6a844878d40ceb4023f6f69f5e3d) Importer(2089858483,0ecaa5967403d082aa24f35e1b516d23)  -> (artifact id: '43208092eb2078886efb8eab31810897') in 0.001718 seconds
Number of updated asset objects reloaded before import = 0
Number of asset objects unloaded after import = 3
========================================================================
Received Import Request.
  Time since last request: 0.000067 seconds.
  path: Assets/Terrain/Terrain (16x16) 1_41.asset
  artifactKey: Guid(f57701cfbf9b947738f137cfeecae223) Importer(2089858483,0ecaa5967403d082aa24f35e1b516d23)
Start importing Assets/Terrain/Terrain (16x16) 1_41.asset using Guid(f57701cfbf9b947738f137cfeecae223) Importer(2089858483,0ecaa5967403d082aa24f35e1b516d23)  -> (artifact id: 'bc05d94b8f7aff6f359e551874fb45f0') in 0.001974 seconds
Number of updated asset objects reloaded before import = 0
Number of asset objects unloaded after import = 3
========================================================================
Received Import Request.
  Time since last request: 0.000067 seconds.
  path: Assets/Terrain/Terrain (16x16) 1_19.asset
  artifactKey: Guid(44a0e7d5612c6475c90e1143d4d7d9a1) Importer(2089858483,0ecaa5967403d082aa24f35e1b516d23)
Start importing Assets/Terrain/Terrain (16x16) 1_19.asset using Guid(44a0e7d5612c6475c90e1143d4d7d9a1) Importer(2089858483,0ecaa5967403d082aa24f35e1b516d23)  -> (artifact id: '8b806f7b5b57656ad89b175b370b3014') in 0.001517 seconds
Number of updated asset objects reloaded before import = 0
Number of asset objects unloaded after import = 3
========================================================================
Received Import Request.
  Time since last request: 0.000061 seconds.
  path: Assets/Terrain/Terrain (16x16) 1_38.asset
  artifactKey: Guid(012faddf0eb1443018c1aa8c9d0634e0) Importer(2089858483,0ecaa5967403d082aa24f35e1b516d23)
Start importing Assets/Terrain/Terrain (16x16) 1_38.asset using Guid(012faddf0eb1443018c1aa8c9d0634e0) Importer(2089858483,0ecaa5967403d082aa24f35e1b516d23)  -> (artifact id: '22fadb098619f87911f7bc5205ab4b42') in 0.002068 seconds
Number of updated asset objects reloaded before import = 0
Number of asset objects unloaded after import = 3
========================================================================
Received Import Request.
  Time since last request: 0.000098 seconds.
  path: Assets/Terrain/Terrain (16x16) 1_27.asset
  artifactKey: Guid(9489dad92b8c743dc97d0f11d5e8a96e) Importer(2089858483,0ecaa5967403d082aa24f35e1b516d23)
Start importing Assets/Terrain/Terrain (16x16) 1_27.asset using Guid(9489dad92b8c743dc97d0f11d5e8a96e) Importer(2089858483,0ecaa5967403d082aa24f35e1b516d23)  -> (artifact id: '68acf4116d1d64cc92d71fe8c10fed64') in 0.001637 seconds
Number of updated asset objects reloaded before import = 0
Number of asset objects unloaded after import = 3
========================================================================
Received Import Request.
  Time since last request: 0.000064 seconds.
  path: Assets/Terrain/Terrain (16x16) 1_34.asset
  artifactKey: Guid(9266586a4e939439d9550902254c0289) Importer(2089858483,0ecaa5967403d082aa24f35e1b516d23)
Start importing Assets/Terrain/Terrain (16x16) 1_34.asset using Guid(9266586a4e939439d9550902254c0289) Importer(2089858483,0ecaa5967403d082aa24f35e1b516d23)  -> (artifact id: '694e53535106b2ce1ffb0b821c755409') in 0.002049 seconds
Number of updated asset objects reloaded before import = 0
Number of asset objects unloaded after import = 3
========================================================================
Received Import Request.
  Time since last request: 0.000086 seconds.
  path: Assets/Terrain/Terrain (16x16) 1_118.asset
  artifactKey: Guid(c4a77cd9a6995464abe8c6f31dcd5c20) Importer(2089858483,0ecaa5967403d082aa24f35e1b516d23)
Start importing Assets/Terrain/Terrain (16x16) 1_118.asset using Guid(c4a77cd9a6995464abe8c6f31dcd5c20) Importer(2089858483,0ecaa5967403d082aa24f35e1b516d23)  -> (artifact id: '8a244e72628210bfedab330d76ede9b3') in 0.002177 seconds
Number of updated asset objects reloaded before import = 0
Number of asset objects unloaded after import = 3
========================================================================
Received Import Request.
  Time since last request: 0.000081 seconds.
  path: Assets/Terrain/Terrain (16x16) 1.png
  artifactKey: Guid(23c1dc9d7b1df4e3a81cab9f8e12be3f) Importer(2089858483,0ecaa5967403d082aa24f35e1b516d23)
Start importing Assets/Terrain/Terrain (16x16) 1.png using Guid(23c1dc9d7b1df4e3a81cab9f8e12be3f) Importer(2089858483,0ecaa5967403d082aa24f35e1b516d23)  -> (artifact id: '6eac72e9d2052d5fc81fe200d9b60e11') in 0.185486 seconds
Number of updated asset objects reloaded before import = 0
Number of asset objects unloaded after import = 146
========================================================================
Received Import Request.
  Time since last request: 0.015327 seconds.
  path: Assets/Terrain/Terrain (16x16) 1_46.asset
  artifactKey: Guid(b197f95b4d0e94cee90585721b3868cb) Importer(2089858483,0ecaa5967403d082aa24f35e1b516d23)
Start importing Assets/Terrain/Terrain (16x16) 1_46.asset using Guid(b197f95b4d0e94cee90585721b3868cb) Importer(2089858483,0ecaa5967403d082aa24f35e1b516d23)  -> (artifact id: 'd9c48b6aaa64a54deb50b8e2c1d395ce') in 0.002860 seconds
Number of updated asset objects reloaded before import = 0
Number of asset objects unloaded after import = 3
========================================================================
Received Import Request.
  Time since last request: 0.000154 seconds.
  path: Assets/Terrain/Terrain (16x16) 1_66.asset
  artifactKey: Guid(cdd7c79352cca460f839fa82dc340dba) Importer(2089858483,0ecaa5967403d082aa24f35e1b516d23)
Start importing Assets/Terrain/Terrain (16x16) 1_66.asset using Guid(cdd7c79352cca460f839fa82dc340dba) Importer(2089858483,0ecaa5967403d082aa24f35e1b516d23)  -> (artifact id: '10a5fbcb9b9beb7980bd14c9f5be4e66') in 0.001734 seconds
Number of updated asset objects reloaded before import = 0
Number of asset objects unloaded after import = 3
========================================================================
Received Import Request.
  Time since last request: 0.000122 seconds.
  path: Assets/Terrain/Terrain (16x16) 1_83.asset
  artifactKey: Guid(ba65931d204364e40929bfc2310854af) Importer(2089858483,0ecaa5967403d082aa24f35e1b516d23)
Start importing Assets/Terrain/Terrain (16x16) 1_83.asset using Guid(ba65931d204364e40929bfc2310854af) Importer(2089858483,0ecaa5967403d082aa24f35e1b516d23)  -> (artifact id: '7a756736ce8331cd62b4eb3950a36717') in 0.001680 seconds
Number of updated asset objects reloaded before import = 0
Number of asset objects unloaded after import = 3
========================================================================
Received Import Request.
  Time since last request: 0.000067 seconds.
  path: Assets/Terrain/Terrain (16x16) 1_90.asset
  artifactKey: Guid(e5edee5c3d0d74bbf851248372a942c9) Importer(2089858483,0ecaa5967403d082aa24f35e1b516d23)
Start importing Assets/Terrain/Terrain (16x16) 1_90.asset using Guid(e5edee5c3d0d74bbf851248372a942c9) Importer(2089858483,0ecaa5967403d082aa24f35e1b516d23)  -> (artifact id: '70dd48ecc7d81b696d29c4c0b90cc2fd') in 0.001703 seconds
Number of updated asset objects reloaded before import = 0
Number of asset objects unloaded after import = 3
========================================================================
Received Import Request.
  Time since last request: 0.000072 seconds.
  path: Assets/files/Teleport2D.cs
  artifactKey: Guid(b852e10cd9ffe42ae82e68ccfabfb5b9) Importer(2089858483,0ecaa5967403d082aa24f35e1b516d23)
Start importing Assets/files/Teleport2D.cs using Guid(b852e10cd9ffe42ae82e68ccfabfb5b9) Importer(2089858483,0ecaa5967403d082aa24f35e1b516d23)  -> (artifact id: '02156b9858655cd66871abb02d97935e') in 0.001289 seconds
Number of updated asset objects reloaded before import = 0
Number of asset objects unloaded after import = 1
========================================================================
Received Import Request.
  Time since last request: 0.000096 seconds.
  path: Assets/Terrain/Terrain (16x16) 1_63.asset
  artifactKey: Guid(3143e9c092c77468ba4687741b3998c9) Importer(2089858483,0ecaa5967403d082aa24f35e1b516d23)
Start importing Assets/Terrain/Terrain (16x16) 1_63.asset using Guid(3143e9c092c77468ba4687741b3998c9) Importer(2089858483,0ecaa5967403d082aa24f35e1b516d23)  -> (artifact id: '1f774d6b14e8f5f711455121ebefb7f7') in 0.002851 seconds
Number of updated asset objects reloaded before import = 0
Number of asset objects unloaded after import = 3
========================================================================
Received Import Request.
  Time since last request: 0.000068 seconds.
  path: Assets/Terrain/Terrain (16x16) 1_84.asset
  artifactKey: Guid(2a611dfadaaf24d8687ac07889412f31) Importer(2089858483,0ecaa5967403d082aa24f35e1b516d23)
Start importing Assets/Terrain/Terrain (16x16) 1_84.asset using Guid(2a611dfadaaf24d8687ac07889412f31) Importer(2089858483,0ecaa5967403d082aa24f35e1b516d23)  -> (artifact id: 'd0eacf9232f56014ea95099ca72d0649') in 0.001888 seconds
Number of updated asset objects reloaded before import = 0
Number of asset objects unloaded after import = 3
========================================================================
Received Import Request.
  Time since last request: 0.000108 seconds.
  path: Assets/Terrain/Terrain (16x16) 1_94.asset
  artifactKey: Guid(5d35ac1325d3143d6b763c50e2d33498) Importer(2089858483,0ecaa5967403d082aa24f35e1b516d23)
Start importing Assets/Terrain/Terrain (16x16) 1_94.asset using Guid(5d35ac1325d3143d6b763c50e2d33498) Importer(2089858483,0ecaa5967403d082aa24f35e1b516d23)  -> (artifact id: '37386e931e330299f60dbcc0aff619ae') in 0.002405 seconds
Number of updated asset objects reloaded before import = 0
Number of asset objects unloaded after import = 3
========================================================================
Received Import Request.
  Time since last request: 0.000090 seconds.
  path: Assets/Terrain/Terrain (16x16) 1_88.asset
  artifactKey: Guid(c99377066addf4ce1874103a0f3c1310) Importer(2089858483,0ecaa5967403d082aa24f35e1b516d23)
Start importing Assets/Terrain/Terrain (16x16) 1_88.asset using Guid(c99377066addf4ce1874103a0f3c1310) Importer(2089858483,0ecaa5967403d082aa24f35e1b516d23)  -> (artifact id: 'd91bca718e9a0d005b6a8e3eeca8fe0d') in 0.001820 seconds
Number of updated asset objects reloaded before import = 0
Number of asset objects unloaded after import = 3
========================================================================
Received Import Request.
  Time since last request: 0.000066 seconds.
  path: Assets/files/AggressiveEnemy.cs
  artifactKey: Guid(62815e49d32354f55807bd1a2dddeec7) Importer(2089858483,0ecaa5967403d082aa24f35e1b516d23)
Start importing Assets/files/AggressiveEnemy.cs using Guid(62815e49d32354f55807bd1a2dddeec7) Importer(2089858483,0ecaa5967403d082aa24f35e1b516d23)  -> (artifact id: 'fb1b2bf96995c0c07af4b6155988f4c3') in 0.001709 seconds
Number of updated asset objects reloaded before import = 0
Number of asset objects unloaded after import = 1
========================================================================
Received Import Request.
  Time since last request: 0.000080 seconds.
  path: Assets/Terrain/Terrain (16x16) 1_52.asset
  artifactKey: Guid(ccaa7deaa05104752a874464bf275134) Importer(2089858483,0ecaa5967403d082aa24f35e1b516d23)
Start importing Assets/Terrain/Terrain (16x16) 1_52.asset using Guid(ccaa7deaa05104752a874464bf275134) Importer(2089858483,0ecaa5967403d082aa24f35e1b516d23)  -> (artifact id: '2cea617699a978c91ca477e2d2c9e1eb') in 0.001891 seconds
Number of updated asset objects reloaded before import = 0
Number of asset objects unloaded after import = 3
========================================================================
Received Import Request.
  Time since last request: 0.000075 seconds.
  path: Assets/Terrain/Terrain (16x16) 1_58.asset
  artifactKey: Guid(97c1f5bd0f8074fd8bcc334aead0c4a7) Importer(2089858483,0ecaa5967403d082aa24f35e1b516d23)
Start importing Assets/Terrain/Terrain (16x16) 1_58.asset using Guid(97c1f5bd0f8074fd8bcc334aead0c4a7) Importer(2089858483,0ecaa5967403d082aa24f35e1b516d23)  -> (artifact id: '92feeb8df28a6d46e0e4c0dfe96c4d7b') in 0.002364 seconds
Number of updated asset objects reloaded before import = 0
Number of asset objects unloaded after import = 3
========================================================================
Received Import Request.
  Time since last request: 0.000081 seconds.
  path: Assets/Terrain/Terrain (16x16) 1_75.asset
  artifactKey: Guid(8aa005ee16e5b4ae79b89d09055e0cc4) Importer(2089858483,0ecaa5967403d082aa24f35e1b516d23)
Start importing Assets/Terrain/Terrain (16x16) 1_75.asset using Guid(8aa005ee16e5b4ae79b89d09055e0cc4) Importer(2089858483,0ecaa5967403d082aa24f35e1b516d23)  -> (artifact id: 'b1380e2d7f59628faa8c49b39482e02c') in 0.001810 seconds
Number of updated asset objects reloaded before import = 0
Number of asset objects unloaded after import = 3
========================================================================
Received Import Request.
  Time since last request: 0.000064 seconds.
  path: Assets/Terrain/Terrain (16x16) 1_82.asset
  artifactKey: Guid(655173d5191e84a4891081775b2d3257) Importer(2089858483,0ecaa5967403d082aa24f35e1b516d23)
Start importing Assets/Terrain/Terrain (16x16) 1_82.asset using Guid(655173d5191e84a4891081775b2d3257) Importer(2089858483,0ecaa5967403d082aa24f35e1b516d23)  -> (artifact id: 'e8088a74b74105cf9b80f2228f58bbda') in 0.002246 seconds
Number of updated asset objects reloaded before import = 0
Number of asset objects unloaded after import = 3
========================================================================
Received Import Request.
  Time since last request: 0.000050 seconds.
  path: Assets/Terrain/Terrain (16x16) 1_79.asset
  artifactKey: Guid(1225c72e16723442a98dd20c08aaef2d) Importer(2089858483,0ecaa5967403d082aa24f35e1b516d23)
Start importing Assets/Terrain/Terrain (16x16) 1_79.asset using Guid(1225c72e16723442a98dd20c08aaef2d) Importer(2089858483,0ecaa5967403d082aa24f35e1b516d23)  -> (artifact id: '55457cd0d088a785193f152624fe7de8') in 0.001662 seconds
Number of updated asset objects reloaded before import = 0
Number of asset objects unloaded after import = 3
========================================================================
Received Import Request.
  Time since last request: 0.000059 seconds.
  path: Assets/Terrain/Terrain (16x16) 1_68.asset
  artifactKey: Guid(d929b9fefd28249e29b39dd80c38e8f7) Importer(2089858483,0ecaa5967403d082aa24f35e1b516d23)
Start importing Assets/Terrain/Terrain (16x16) 1_68.asset using Guid(d929b9fefd28249e29b39dd80c38e8f7) Importer(2089858483,0ecaa5967403d082aa24f35e1b516d23)  -> (artifact id: '40346dc85863e4465e813fcef96c2fcf') in 0.002126 seconds
Number of updated asset objects reloaded before import = 0
Number of asset objects unloaded after import = 3
========================================================================
Received Import Request.
  Time since last request: 0.000070 seconds.
  path: Assets/files/MenuManager.cs
  artifactKey: Guid(735ed6cbd0313458ebe59c9553af977c) Importer(2089858483,0ecaa5967403d082aa24f35e1b516d23)
Start importing Assets/files/MenuManager.cs using Guid(735ed6cbd0313458ebe59c9553af977c) Importer(2089858483,0ecaa5967403d082aa24f35e1b516d23)  -> (artifact id: '91c9c177ed7cdb6aacf9b84f33996a57') in 0.001055 seconds
Number of updated asset objects reloaded before import = 0
Number of asset objects unloaded after import = 1
========================================================================
Received Import Request.
  Time since last request: 0.000084 seconds.
  path: Assets/Terrain/Terrain (16x16) 1_97.asset
  artifactKey: Guid(a72c2d681033441b6a781e8ae6371c92) Importer(2089858483,0ecaa5967403d082aa24f35e1b516d23)
Start importing Assets/Terrain/Terrain (16x16) 1_97.asset using Guid(a72c2d681033441b6a781e8ae6371c92) Importer(2089858483,0ecaa5967403d082aa24f35e1b516d23)  -> (artifact id: '676df418179e3584439abd5344f9bb7d') in 0.001631 seconds
Number of updated asset objects reloaded before import = 0
Number of asset objects unloaded after import = 3
========================================================================
Received Import Request.
  Time since last request: 0.000121 seconds.
  path: Assets/files/StickyPlatform.cs
  artifactKey: Guid(fe48842ef01e44b3091e97e1e75f0e33) Importer(2089858483,0ecaa5967403d082aa24f35e1b516d23)
Start importing Assets/files/StickyPlatform.cs using Guid(fe48842ef01e44b3091e97e1e75f0e33) Importer(2089858483,0ecaa5967403d082aa24f35e1b516d23)  -> (artifact id: 'fc006b65501dc7f7a41fc95c057cf172') in 0.001703 seconds
Number of updated asset objects reloaded before import = 0
Number of asset objects unloaded after import = 1
========================================================================
Received Import Request.
  Time since last request: 0.000102 seconds.
  path: Assets/Terrain/Terrain (16x16) 1_62.asset
  artifactKey: Guid(9f723850899c946d4ab48116b9447344) Importer(2089858483,0ecaa5967403d082aa24f35e1b516d23)
Start importing Assets/Terrain/Terrain (16x16) 1_62.asset using Guid(9f723850899c946d4ab48116b9447344) Importer(2089858483,0ecaa5967403d082aa24f35e1b516d23)  -> (artifact id: '003b41cd8dfa2d82cf6eb8a0ab1d6ffb') in 0.001640 seconds
Number of updated asset objects reloaded before import = 0
Number of asset objects unloaded after import = 3
========================================================================
Received Import Request.
  Time since last request: 0.000068 seconds.
  path: Assets/Terrain/Terrain (16x16) 1_65.asset
  artifactKey: Guid(1a293517f77244c2ea24de766e061c38) Importer(2089858483,0ecaa5967403d082aa24f35e1b516d23)
Start importing Assets/Terrain/Terrain (16x16) 1_65.asset using Guid(1a293517f77244c2ea24de766e061c38) Importer(2089858483,0ecaa5967403d082aa24f35e1b516d23)  -> (artifact id: '5f2c8682d99c4a35d2927385bf100a9c') in 0.002257 seconds
Number of updated asset objects reloaded before import = 0
Number of asset objects unloaded after import = 3
========================================================================
Received Import Request.
  Time since last request: 0.000060 seconds.
  path: Assets/Terrain/Terrain (16x16) 1_5.asset
  artifactKey: Guid(1a63cfb9aa67a4b2997594ab419e7718) Importer(2089858483,0ecaa5967403d082aa24f35e1b516d23)
Start importing Assets/Terrain/Terrain (16x16) 1_5.asset using Guid(1a63cfb9aa67a4b2997594ab419e7718) Importer(2089858483,0ecaa5967403d082aa24f35e1b516d23)  -> (artifact id: 'bdef7b5b8513e4867f3fe12733c072f4') in 0.001645 seconds
Number of updated asset objects reloaded before import = 0
Number of asset objects unloaded after import = 3
========================================================================
Received Import Request.
  Time since last request: 0.000074 seconds.
  path: Assets/Terrain/Terrain (16x16) 1_91.asset
  artifactKey: Guid(fabdb954a07c449fe87432afa855b613) Importer(2089858483,0ecaa5967403d082aa24f35e1b516d23)
Start importing Assets/Terrain/Terrain (16x16) 1_91.asset using Guid(fabdb954a07c449fe87432afa855b613) Importer(2089858483,0ecaa5967403d082aa24f35e1b516d23)  -> (artifact id: '4e80528788acc0f5c1cc28830045a8d3') in 0.001612 seconds
Number of updated asset objects reloaded before import = 0
Number of asset objects unloaded after import = 3
========================================================================
Received Import Request.
  Time since last request: 0.000064 seconds.
  path: Assets/Terrain/Terrain (16x16) 1_71.asset
  artifactKey: Guid(6ddc42f7388e14a8d93f7cec3ca40608) Importer(2089858483,0ecaa5967403d082aa24f35e1b516d23)
Start importing Assets/Terrain/Terrain (16x16) 1_71.asset using Guid(6ddc42f7388e14a8d93f7cec3ca40608) Importer(2089858483,0ecaa5967403d082aa24f35e1b516d23)  -> (artifact id: '56198c96e22ff3a3e83d79096229e812') in 0.002129 seconds
Number of updated asset objects reloaded before import = 0
Number of asset objects unloaded after import = 3
========================================================================
Received Import Request.
  Time since last request: 0.000096 seconds.
  path: Assets/Terrain/Terrain (16x16) 1_73.asset
  artifactKey: Guid(7cb1341d6e53845f885e1aa05fba8ec2) Importer(2089858483,0ecaa5967403d082aa24f35e1b516d23)
Start importing Assets/Terrain/Terrain (16x16) 1_73.asset using Guid(7cb1341d6e53845f885e1aa05fba8ec2) Importer(2089858483,0ecaa5967403d082aa24f35e1b516d23)  -> (artifact id: '788452069349401598ede54f34109998') in 0.001688 seconds
Number of updated asset objects reloaded before import = 0
Number of asset objects unloaded after import = 3
========================================================================
Received Import Request.
  Time since last request: 0.000091 seconds.
  path: Assets/Terrain/Terrain (16x16) 1_78.asset
  artifactKey: Guid(84ab96b4572a44a18912881cae229650) Importer(2089858483,0ecaa5967403d082aa24f35e1b516d23)
Start importing Assets/Terrain/Terrain (16x16) 1_78.asset using Guid(84ab96b4572a44a18912881cae229650) Importer(2089858483,0ecaa5967403d082aa24f35e1b516d23)  -> (artifact id: '8fe3bf279557564688970f27bbba6530') in 0.002456 seconds
Number of updated asset objects reloaded before import = 0
Number of asset objects unloaded after import = 3
========================================================================
Received Import Request.
  Time since last request: 0.000097 seconds.
  path: Assets/files/PlayerMovement.cs
  artifactKey: Guid(0a6c423fd7043427aa6fe172279c4c30) Importer(2089858483,0ecaa5967403d082aa24f35e1b516d23)
Start importing Assets/files/PlayerMovement.cs using Guid(0a6c423fd7043427aa6fe172279c4c30) Importer(2089858483,0ecaa5967403d082aa24f35e1b516d23)  -> (artifact id: '0cc654f216e095f6c8c8dbd7a629fc4b') in 0.001204 seconds
Number of updated asset objects reloaded before import = 0
Number of asset objects unloaded after import = 1
========================================================================
Received Import Request.
  Time since last request: 0.000083 seconds.
  path: Assets/Terrain/Terrain (16x16) 1_92.asset
  artifactKey: Guid(d919c8ee33017444bb082c4d9aef635c) Importer(2089858483,0ecaa5967403d082aa24f35e1b516d23)
Start importing Assets/Terrain/Terrain (16x16) 1_92.asset using Guid(d919c8ee33017444bb082c4d9aef635c) Importer(2089858483,0ecaa5967403d082aa24f35e1b516d23)  -> (artifact id: 'e51dab86256c0669d227ac7bd9d4e6e7') in 0.002293 seconds
Number of updated asset objects reloaded before import = 0
Number of asset objects unloaded after import = 3
========================================================================
Received Import Request.
  Time since last request: 0.000103 seconds.
  path: Assets/Terrain/Terrain (16x16) 1_77.asset
  artifactKey: Guid(a43f7d885cf3d4677898b416a6f8458b) Importer(2089858483,0ecaa5967403d082aa24f35e1b516d23)
Start importing Assets/Terrain/Terrain (16x16) 1_77.asset using Guid(a43f7d885cf3d4677898b416a6f8458b) Importer(2089858483,0ecaa5967403d082aa24f35e1b516d23)  -> (artifact id: '5e99050fd61cdf19daa693712b252b11') in 0.001780 seconds
Number of updated asset objects reloaded before import = 0
Number of asset objects unloaded after import = 3
========================================================================
Received Import Request.
  Time since last request: 0.000082 seconds.
  path: Assets/Terrain/blocks.prefab
  artifactKey: Guid(8b6cea4fc0bd148fc8e98c575c8028c0) Importer(2089858483,0ecaa5967403d082aa24f35e1b516d23)
Start importing Assets/Terrain/blocks.prefab using Guid(8b6cea4fc0bd148fc8e98c575c8028c0) Importer(2089858483,0ecaa5967403d082aa24f35e1b516d23)  -> (artifact id: '3f51a620d9116836f51bbfd750be2b14') in 0.003406 seconds
Number of updated asset objects reloaded before import = 0
Number of asset objects unloaded after import = 10
========================================================================
Received Import Request.
  Time since last request: 0.000063 seconds.
  path: Assets/files/PlayerDie.cs
  artifactKey: Guid(e86be9a59c3914ace82ac04488fa3e87) Importer(2089858483,0ecaa5967403d082aa24f35e1b516d23)
Start importing Assets/files/PlayerDie.cs using Guid(e86be9a59c3914ace82ac04488fa3e87) Importer(2089858483,0ecaa5967403d082aa24f35e1b516d23)  -> (artifact id: '4f8f65515af8ed92c8e3d7c009b934da') in 0.001159 seconds
Number of updated asset objects reloaded before import = 0
Number of asset objects unloaded after import = 1
========================================================================
Received Import Request.
  Time since last request: 0.000102 seconds.
  path: Assets/Terrain/Terrain (16x16) 1_51.asset
  artifactKey: Guid(5fbaa3da7de82476da010337c2081c44) Importer(2089858483,0ecaa5967403d082aa24f35e1b516d23)
Start importing Assets/Terrain/Terrain (16x16) 1_51.asset using Guid(5fbaa3da7de82476da010337c2081c44) Importer(2089858483,0ecaa5967403d082aa24f35e1b516d23)  -> (artifact id: 'b7dd3bf7356af07084adf68932448f6e') in 0.001790 seconds
Number of updated asset objects reloaded before import = 0
Number of asset objects unloaded after import = 3
========================================================================
Received Import Request.
  Time since last request: 0.000087 seconds.
  path: Assets/Terrain/Terrain (16x16) 1_70.asset
  artifactKey: Guid(464787e7e48fe491cbd518b5f8767acb) Importer(2089858483,0ecaa5967403d082aa24f35e1b516d23)
Start importing Assets/Terrain/Terrain (16x16) 1_70.asset using Guid(464787e7e48fe491cbd518b5f8767acb) Importer(2089858483,0ecaa5967403d082aa24f35e1b516d23)  -> (artifact id: 'a29d73f1fc29e91001943748b5ef75ba') in 0.002229 seconds
Number of updated asset objects reloaded before import = 0
Number of asset objects unloaded after import = 3
========================================================================
Received Import Request.
  Time since last request: 0.000077 seconds.
  path: Assets/Terrain/Terrain (16x16) 1_6.asset
  artifactKey: Guid(e6921bddd6a8448d98aaec68f0fea0cf) Importer(2089858483,0ecaa5967403d082aa24f35e1b516d23)
Start importing Assets/Terrain/Terrain (16x16) 1_6.asset using Guid(e6921bddd6a8448d98aaec68f0fea0cf) Importer(2089858483,0ecaa5967403d082aa24f35e1b516d23)  -> (artifact id: 'de09378fbd8cbd622257785f02747644') in 0.001646 seconds
Number of updated asset objects reloaded before import = 0
Number of asset objects unloaded after import = 3
========================================================================
Received Import Request.
  Time since last request: 0.000114 seconds.
  path: Assets/Terrain/Terrain (16x16) 1_72.asset
  artifactKey: Guid(a22ac29a490cb4e07810ac96ab046e3d) Importer(2089858483,0ecaa5967403d082aa24f35e1b516d23)
Start importing Assets/Terrain/Terrain (16x16) 1_72.asset using Guid(a22ac29a490cb4e07810ac96ab046e3d) Importer(2089858483,0ecaa5967403d082aa24f35e1b516d23)  -> (artifact id: '68b8ef4e33fed9244fbb01f7acc08fb9') in 0.001636 seconds
Number of updated asset objects reloaded before import = 0
Number of asset objects unloaded after import = 3
========================================================================
Received Import Request.
  Time since last request: 0.000066 seconds.
  path: Assets/Terrain/Terrain (16x16) 1_81.asset
  artifactKey: Guid(387fa8ebcd1f447f2a8cac5f337c3e79) Importer(2089858483,0ecaa5967403d082aa24f35e1b516d23)
Start importing Assets/Terrain/Terrain (16x16) 1_81.asset using Guid(387fa8ebcd1f447f2a8cac5f337c3e79) Importer(2089858483,0ecaa5967403d082aa24f35e1b516d23)  -> (artifact id: '7f57b66b8d9d7c3a361ddcb12839fad6') in 0.002232 seconds
Number of updated asset objects reloaded before import = 0
Number of asset objects unloaded after import = 3
========================================================================
Received Import Request.
  Time since last request: 0.000062 seconds.
  path: Assets/Terrain/Terrain (16x16) 1_60.asset
  artifactKey: Guid(ca2240e6ca40445739a26d141bc304fb) Importer(2089858483,0ecaa5967403d082aa24f35e1b516d23)
Start importing Assets/Terrain/Terrain (16x16) 1_60.asset using Guid(ca2240e6ca40445739a26d141bc304fb) Importer(2089858483,0ecaa5967403d082aa24f35e1b516d23)  -> (artifact id: '341a7fb05f1ebb1ea9575b1b5ffa028b') in 0.001641 seconds
Number of updated asset objects reloaded before import = 0
Number of asset objects unloaded after import = 3
========================================================================
Received Import Request.
  Time since last request: 0.000055 seconds.
  path: Assets/files/Bounce.cs
  artifactKey: Guid(5aed676e3c4d0420fb4427f729822956) Importer(2089858483,0ecaa5967403d082aa24f35e1b516d23)
Start importing Assets/files/Bounce.cs using Guid(5aed676e3c4d0420fb4427f729822956) Importer(2089858483,0ecaa5967403d082aa24f35e1b516d23)  -> (artifact id: '734f4f238dc5a93a737e740adbdec91a') in 0.000923 seconds
Number of updated asset objects reloaded before import = 0
Number of asset objects unloaded after import = 1
========================================================================
Received Import Request.
  Time since last request: 0.000082 seconds.
  path: Assets/Terrain/Terrain (16x16) 1_48.asset
  artifactKey: Guid(ded95c342baaf48f2adf12be84c97d26) Importer(2089858483,0ecaa5967403d082aa24f35e1b516d23)
Start importing Assets/Terrain/Terrain (16x16) 1_48.asset using Guid(ded95c342baaf48f2adf12be84c97d26) Importer(2089858483,0ecaa5967403d082aa24f35e1b516d23)  -> (artifact id: '080b8213723c2e66cc42cc2a4b638d5f') in 0.002721 seconds
Number of updated asset objects reloaded before import = 0
Number of asset objects unloaded after import = 3
========================================================================
Received Import Request.
  Time since last request: 0.000064 seconds.
  path: Assets/Terrain/Terrain (16x16) 1_85.asset
  artifactKey: Guid(aa1f51b8efefe4a95b91393c26198817) Importer(2089858483,0ecaa5967403d082aa24f35e1b516d23)
Start importing Assets/Terrain/Terrain (16x16) 1_85.asset using Guid(aa1f51b8efefe4a95b91393c26198817) Importer(2089858483,0ecaa5967403d082aa24f35e1b516d23)  -> (artifact id: '3cecaae2de90431a75473a590dbd4771') in 0.001629 seconds
Number of updated asset objects reloaded before import = 0
Number of asset objects unloaded after import = 3
========================================================================
Received Prepare
Begin MonoManager ReloadAssembly
Thread 0x17f9e7000 may have been prematurely finalized
- Loaded All Assemblies, in  0.147 seconds
Refreshing native plugins compatible for Editor in 0.10 ms, found 0 plugins.
Native extension for OSXStandalone target not found
Mono: successfully reloaded assembly
- Finished resetting the current domain, in  0.194 seconds
Domain Reload Profiling: 342ms
	BeginReloadAssembly (64ms)
		ExecutionOrderSort (0ms)
		DisableScriptedObjects (3ms)
		BackupInstance (0ms)
		ReleaseScriptingObjects (0ms)
		CreateAndSetChildDomain (17ms)
	RebuildCommonClasses (21ms)
	RebuildNativeTypeToScriptingClass (7ms)
	initialDomainReloadingComplete (11ms)
	LoadAllAssembliesAndSetupDomain (44ms)
		LoadAssemblies (64ms)
		RebuildTransferFunctionScriptingTraits (0ms)
		AnalyzeDomain (4ms)
			TypeCache.Refresh (2ms)
				TypeCache.ScanAssembly (0ms)
			ScanForSourceGeneratedMonoScriptInfo (0ms)
			ResolveRequiredComponents (1ms)
	FinalizeReload (195ms)
		ReleaseScriptCaches (0ms)
		RebuildScriptCaches (0ms)
		SetupLoadedEditorAssemblies (110ms)
			LogAssemblyErrors (0ms)
			InitializePlatformSupportModulesInManaged (2ms)
			SetLoadedEditorAssemblies (1ms)
			RefreshPlugins (0ms)
			BeforeProcessingInitializeOnLoad (16ms)
			ProcessInitializeOnLoadAttributes (80ms)
			ProcessInitializeOnLoadMethodAttributes (10ms)
			AfterProcessingInitializeOnLoad (1ms)
			EditorAssembliesLoaded (0ms)
		ExecutionOrderSort2 (0ms)
		AwakeInstancesAfterBackupRestoration (2ms)
Refreshing native plugins compatible for Editor in 0.08 ms, found 0 plugins.
Preloading 0 native plugins for Editor in 0.00 ms.
Unloading 457 Unused Serialized files (Serialized files now loaded: 0)
Unloading 5 unused Assets / (94.5 KB). Loaded Objects now: 952.
Memory consumption went from 75.4 MB to 75.3 MB.
Total: 1.552750 ms (FindLiveObjects: 0.032417 ms CreateObjectMapping: 0.008583 ms MarkObjects: 1.491083 ms  DeleteObjects: 0.020166 ms)

Prepare: number of updated asset objects reloaded= 0
AssetImportParameters requested are different than current active one (requested -> active):
  custom:video-encoder-webm-vp8: eb34c28f22e8b96e1ab97ce403110664 -> 
  custom:video-decoder-webm-vp8: 9c59270c3fd7afecdb556c50c9e8de78 -> 
  custom:audio-decoder-ogg-vorbis: bf7c407c2cedff20999df2af8eb42d56 -> 
  custom:video-decoder-ogg-theora: a1e56fd34408186e4bbccfd4996cb3dc -> 
  custom:audio-encoder-webm-vorbis: bf7c407c2cedff20999df2af8eb42d56 -> 
  custom:SearchIndexIgnoredProperties: e643bd26f0fe6173181afceb89e7c659 -> 
  custom:container-demuxer-ogg: 62fdf1f143b41e24485cea50d1cbac27 -> 
  custom:AudioImporter_EditorPlatform: 3918e3fc78b5a79bad01e8451be0beb8 -> 
  custom:CustomObjectIndexerAttribute: 6d391050e5a25f67b0a2c618074f2cd9 -> 
  custom:framework-osx-AVFoundation: e770b220cccbd017edd2c1fefb359320 -> 
  custom:container-demuxer-webm: 4f35f7cbe854078d1ac9338744f61a02 -> 
  custom:container-muxer-webm: aa71ff27fc2769a1b78a27578f13a17b -> 
========================================================================
Received Prepare
Begin MonoManager ReloadAssembly
Thread 0x16d76b000 may have been prematurely finalized
- Loaded All Assemblies, in  0.152 seconds
Refreshing native plugins compatible for Editor in 0.09 ms, found 0 plugins.
Native extension for OSXStandalone target not found
Mono: successfully reloaded assembly
- Finished resetting the current domain, in  0.202 seconds
Domain Reload Profiling: 354ms
	BeginReloadAssembly (65ms)
		ExecutionOrderSort (0ms)
		DisableScriptedObjects (3ms)
		BackupInstance (0ms)
		ReleaseScriptingObjects (0ms)
		CreateAndSetChildDomain (15ms)
	RebuildCommonClasses (22ms)
	RebuildNativeTypeToScriptingClass (8ms)
	initialDomainReloadingComplete (12ms)
	LoadAllAssembliesAndSetupDomain (46ms)
		LoadAssemblies (67ms)
		RebuildTransferFunctionScriptingTraits (0ms)
		AnalyzeDomain (4ms)
			TypeCache.Refresh (2ms)
				TypeCache.ScanAssembly (0ms)
			ScanForSourceGeneratedMonoScriptInfo (0ms)
			ResolveRequiredComponents (1ms)
	FinalizeReload (202ms)
		ReleaseScriptCaches (0ms)
		RebuildScriptCaches (0ms)
		SetupLoadedEditorAssemblies (117ms)
			LogAssemblyErrors (0ms)
			InitializePlatformSupportModulesInManaged (2ms)
			SetLoadedEditorAssemblies (1ms)
			RefreshPlugins (0ms)
			BeforeProcessingInitializeOnLoad (17ms)
			ProcessInitializeOnLoadAttributes (85ms)
			ProcessInitializeOnLoadMethodAttributes (10ms)
			AfterProcessingInitializeOnLoad (1ms)
			EditorAssembliesLoaded (0ms)
		ExecutionOrderSort2 (0ms)
		AwakeInstancesAfterBackupRestoration (2ms)
Refreshing native plugins compatible for Editor in 0.06 ms, found 0 plugins.
Preloading 0 native plugins for Editor in 0.00 ms.
Unloading 458 Unused Serialized files (Serialized files now loaded: 0)
Unloading 5 unused Assets / (94.5 KB). Loaded Objects now: 967.
Memory consumption went from 81.4 MB to 81.3 MB.
Total: 1.580084 ms (FindLiveObjects: 0.032208 ms CreateObjectMapping: 0.008625 ms MarkObjects: 1.521042 ms  DeleteObjects: 0.017959 ms)

Prepare: number of updated asset objects reloaded= 0
AssetImportParameters requested are different than current active one (requested -> active):
  custom:video-encoder-webm-vp8: eb34c28f22e8b96e1ab97ce403110664 -> 
  custom:video-decoder-webm-vp8: 9c59270c3fd7afecdb556c50c9e8de78 -> 
  custom:audio-decoder-ogg-vorbis: bf7c407c2cedff20999df2af8eb42d56 -> 
  custom:video-decoder-ogg-theora: a1e56fd34408186e4bbccfd4996cb3dc -> 
  custom:audio-encoder-webm-vorbis: bf7c407c2cedff20999df2af8eb42d56 -> 
  custom:SearchIndexIgnoredProperties: e643bd26f0fe6173181afceb89e7c659 -> 
  custom:container-demuxer-ogg: 62fdf1f143b41e24485cea50d1cbac27 -> 
  custom:AudioImporter_EditorPlatform: 3918e3fc78b5a79bad01e8451be0beb8 -> 
  custom:CustomObjectIndexerAttribute: 6d391050e5a25f67b0a2c618074f2cd9 -> 
  custom:framework-osx-AVFoundation: e770b220cccbd017edd2c1fefb359320 -> 
  custom:container-demuxer-webm: 4f35f7cbe854078d1ac9338744f61a02 -> 
  custom:container-muxer-webm: aa71ff27fc2769a1b78a27578f13a17b -> 
